[06:32:56.301] Global cache location '/Users/book/Library/Caches/typescript/4.5', safe file path '/users/book/.emacs.d/.cache/lsp/npm/typescript/lib/node_modules/typescript/lib/typingsafelist.json', types map path /users/book/.emacs.d/.cache/lsp/npm/typescript/lib/node_modules/typescript/lib/typesmap.json
[06:32:56.302] Processing cache location '/Users/book/Library/Caches/typescript/4.5'
[06:32:56.302] Trying to find '/Users/book/Library/Caches/typescript/4.5/package.json'...
[06:32:56.302] Finished processing cache location '/Users/book/Library/Caches/typescript/4.5'
[06:32:56.303] Process id: 6165
[06:32:56.303] NPM location: /opt/homebrew/Cellar/node/18.0.0/bin/npm (explicit '--npmLocation' not  provided)
[06:32:56.303] validateDefaultNpmLocation: false
[06:32:56.303] Npm config file: /Users/book/Library/Caches/typescript/4.5/package.json
[06:32:56.303] Updating types-registry npm package...
[06:32:56.303] Exec: /opt/homebrew/Cellar/node/18.0.0/bin/npm install --ignore-scripts types-registry@latest
[06:32:56.310]     Failed. stdout:
    stderr:
    /bin/sh: /opt/homebrew/Cellar/node/18.0.0/bin/npm: No such file or directory
    
[06:32:56.310] Updated types-registry npm package
[06:32:56.310] Types registry file '/Users/book/Library/Caches/typescript/4.5/node_modules/types-registry/index.json' does not exist
[06:32:56.699] Got install request {"projectName":"/dev/null/inferredProject1*","fileNames":["/Users/book/.emacs.d/.cache/lsp/npm/typescript/lib/node_modules/typescript/lib/lib.es5.d.ts","/Users/book/.emacs.d/.cache/lsp/npm/typescript/lib/node_modules/typescript/lib/lib.es2015.d.ts","/Users/book/.emacs.d/.cache/lsp/npm/typescript/lib/node_modules/typescript/lib/lib.es2016.d.ts","/Users/book/.emacs.d/.cache/lsp/npm/typescript/lib/node_modules/typescript/lib/lib.dom.d.ts","/Users/book/.emacs.d/.cache/lsp/npm/typescript/lib/node_modules/typescript/lib/lib.dom.iterable.d.ts","/Users/book/.emacs.d/.cache/lsp/npm/typescript/lib/node_modules/typescript/lib/lib.webworker.importscripts.d.ts","/Users/book/.emacs.d/.cache/lsp/npm/typescript/lib/node_modules/typescript/lib/lib.scripthost.d.ts","/Users/book/.emacs.d/.cache/lsp/npm/typescript/lib/node_modules/typescript/lib/lib.es2015.core.d.ts","/Users/book/.emacs.d/.cache/lsp/npm/typescript/lib/node_modules/typescript/lib/lib.es2015.collection.d.ts","/Users/book/.emacs.d/.cache/lsp/npm/typescript/lib/node_modules/typescript/lib/lib.es2015.generator.d.ts","/Users/book/.emacs.d/.cache/lsp/npm/typescript/lib/node_modules/typescript/lib/lib.es2015.iterable.d.ts","/Users/book/.emacs.d/.cache/lsp/npm/typescript/lib/node_modules/typescript/lib/lib.es2015.promise.d.ts","/Users/book/.emacs.d/.cache/lsp/npm/typescript/lib/node_modules/typescript/lib/lib.es2015.proxy.d.ts","/Users/book/.emacs.d/.cache/lsp/npm/typescript/lib/node_modules/typescript/lib/lib.es2015.reflect.d.ts","/Users/book/.emacs.d/.cache/lsp/npm/typescript/lib/node_modules/typescript/lib/lib.es2015.symbol.d.ts","/Users/book/.emacs.d/.cache/lsp/npm/typescript/lib/node_modules/typescript/lib/lib.es2015.symbol.wellknown.d.ts","/Users/book/.emacs.d/.cache/lsp/npm/typescript/lib/node_modules/typescript/lib/lib.es2016.array.include.d.ts","/Users/book/.emacs.d/.cache/lsp/npm/typescript/lib/node_modules/typescript/lib/lib.es2016.full.d.ts","/Users/book/novusshu@gmail.com - Google Drive/My Drive/projects/fl-eth/truffle-config.js"],"compilerOptions":{"module":1,"target":3,"jsx":1,"allowJs":true,"allowSyntheticDefaultImports":true,"allowNonTsExtensions":true,"noEmitForJsFiles":true,"maxNodeModuleJsDepth":2},"typeAcquisition":{"enable":true,"include":[],"exclude":[]},"unresolvedImports":["path"],"projectRootPath":"/Users/book/novusshu@gmail.com - Google Drive/My Drive/projects/fl-eth","kind":"discover"}
[06:32:56.708] Loaded safelist from types map file '/users/book/.emacs.d/.cache/lsp/npm/typescript/lib/node_modules/typescript/lib/typesmap.json'
[06:32:56.708] Explicitly included types: []
[06:32:56.709] Inferred typings from unresolved imports: ["node"]
[06:32:56.709] Result: {"cachedTypingPaths":[],"newTypingNames":["node"],"filesToWatch":["/Users/book/novusshu@gmail.com - Google Drive/My Drive/projects/fl-eth/bower_components","/Users/book/novusshu@gmail.com - Google Drive/My Drive/projects/fl-eth/node_modules"]}
[06:32:56.709] Finished typings discovery: {"cachedTypingPaths":[],"newTypingNames":["node"],"filesToWatch":["/Users/book/novusshu@gmail.com - Google Drive/My Drive/projects/fl-eth/bower_components","/Users/book/novusshu@gmail.com - Google Drive/My Drive/projects/fl-eth/node_modules"]}
[06:32:56.709] DirectoryWatcher:: Added:: WatchInfo: /Users/book/novusshu@gmail.com - Google Drive/My Drive/projects/fl-eth/bower_components
[06:32:56.709] DirectoryWatcher:: Added:: WatchInfo: /Users/book/novusshu@gmail.com - Google Drive/My Drive/projects/fl-eth/bower_components 1 undefined Project: /dev/null/inferredProject1* watcher already invoked: false
[06:32:56.710] Elapsed:: 0.4714999198913574ms DirectoryWatcher:: Added:: WatchInfo: /Users/book/novusshu@gmail.com - Google Drive/My Drive/projects/fl-eth/bower_components 1 undefined Project: /dev/null/inferredProject1* watcher already invoked: false
[06:32:56.710] DirectoryWatcher:: Added:: WatchInfo: /Users/book/novusshu@gmail.com - Google Drive/My Drive/projects/fl-eth/node_modules
[06:32:56.710] DirectoryWatcher:: Added:: WatchInfo: /Users/book/novusshu@gmail.com - Google Drive/My Drive/projects/fl-eth/node_modules 1 undefined Project: /dev/null/inferredProject1* watcher already invoked: false
[06:32:56.710] Elapsed:: 0.04495811462402344ms DirectoryWatcher:: Added:: WatchInfo: /Users/book/novusshu@gmail.com - Google Drive/My Drive/projects/fl-eth/node_modules 1 undefined Project: /dev/null/inferredProject1* watcher already invoked: false
[06:32:56.710] Installing typings ["node"]
[06:32:56.710] 'node':: Entry for package 'node' does not exist in local types registry - skipping...
[06:32:56.710] All typings are known to be missing or invalid - no need to install more typings
[06:32:56.710] Sending response:
    {"projectName":"/dev/null/inferredProject1*","typeAcquisition":{"enable":true,"include":[],"exclude":[]},"compilerOptions":{"module":1,"target":3,"jsx":1,"allowJs":true,"allowSyntheticDefaultImports":true,"allowNonTsExtensions":true,"noEmitForJsFiles":true,"maxNodeModuleJsDepth":2},"typings":[],"unresolvedImports":["path"],"kind":"action::set"}
[06:32:56.711] Response has been sent.
[06:42:09.399] Got install request {"projectName":"/dev/null/inferredProject2*","fileNames":["/Users/book/.emacs.d/.cache/lsp/npm/typescript/lib/node_modules/typescript/lib/lib.es5.d.ts","/Users/book/.emacs.d/.cache/lsp/npm/typescript/lib/node_modules/typescript/lib/lib.es2015.d.ts","/Users/book/.emacs.d/.cache/lsp/npm/typescript/lib/node_modules/typescript/lib/lib.es2016.d.ts","/Users/book/.emacs.d/.cache/lsp/npm/typescript/lib/node_modules/typescript/lib/lib.dom.d.ts","/Users/book/.emacs.d/.cache/lsp/npm/typescript/lib/node_modules/typescript/lib/lib.dom.iterable.d.ts","/Users/book/.emacs.d/.cache/lsp/npm/typescript/lib/node_modules/typescript/lib/lib.webworker.importscripts.d.ts","/Users/book/.emacs.d/.cache/lsp/npm/typescript/lib/node_modules/typescript/lib/lib.scripthost.d.ts","/Users/book/.emacs.d/.cache/lsp/npm/typescript/lib/node_modules/typescript/lib/lib.es2015.core.d.ts","/Users/book/.emacs.d/.cache/lsp/npm/typescript/lib/node_modules/typescript/lib/lib.es2015.collection.d.ts","/Users/book/.emacs.d/.cache/lsp/npm/typescript/lib/node_modules/typescript/lib/lib.es2015.generator.d.ts","/Users/book/.emacs.d/.cache/lsp/npm/typescript/lib/node_modules/typescript/lib/lib.es2015.iterable.d.ts","/Users/book/.emacs.d/.cache/lsp/npm/typescript/lib/node_modules/typescript/lib/lib.es2015.promise.d.ts","/Users/book/.emacs.d/.cache/lsp/npm/typescript/lib/node_modules/typescript/lib/lib.es2015.proxy.d.ts","/Users/book/.emacs.d/.cache/lsp/npm/typescript/lib/node_modules/typescript/lib/lib.es2015.reflect.d.ts","/Users/book/.emacs.d/.cache/lsp/npm/typescript/lib/node_modules/typescript/lib/lib.es2015.symbol.d.ts","/Users/book/.emacs.d/.cache/lsp/npm/typescript/lib/node_modules/typescript/lib/lib.es2015.symbol.wellknown.d.ts","/Users/book/.emacs.d/.cache/lsp/npm/typescript/lib/node_modules/typescript/lib/lib.es2016.array.include.d.ts","/Users/book/.emacs.d/.cache/lsp/npm/typescript/lib/node_modules/typescript/lib/lib.es2016.full.d.ts","/Users/book/novusshu@gmail.com - Google Drive/My Drive/projects/fl-eth/migrations/2_deploy_contracts.js"],"compilerOptions":{"module":1,"target":3,"jsx":1,"allowJs":true,"allowSyntheticDefaultImports":true,"allowNonTsExtensions":true,"noEmitForJsFiles":true,"maxNodeModuleJsDepth":2},"typeAcquisition":{"enable":true,"include":[],"exclude":[]},"unresolvedImports":[],"projectRootPath":"/Users/book/novusshu@gmail.com - Google Drive/My Drive/projects/fl-eth/migrations","kind":"discover"}
[06:42:09.400] Explicitly included types: []
[06:42:09.401] Inferred typings from unresolved imports: []
[06:42:09.401] Result: {"cachedTypingPaths":[],"newTypingNames":[],"filesToWatch":["/Users/book/novusshu@gmail.com - Google Drive/My Drive/projects/fl-eth/migrations/bower_components","/Users/book/novusshu@gmail.com - Google Drive/My Drive/projects/fl-eth/migrations/node_modules"]}
[06:42:09.401] Finished typings discovery: {"cachedTypingPaths":[],"newTypingNames":[],"filesToWatch":["/Users/book/novusshu@gmail.com - Google Drive/My Drive/projects/fl-eth/migrations/bower_components","/Users/book/novusshu@gmail.com - Google Drive/My Drive/projects/fl-eth/migrations/node_modules"]}
[06:42:09.401] DirectoryWatcher:: Added:: WatchInfo: /Users/book/novusshu@gmail.com - Google Drive/My Drive/projects/fl-eth/migrations/bower_components
[06:42:09.401] DirectoryWatcher:: Added:: WatchInfo: /Users/book/novusshu@gmail.com - Google Drive/My Drive/projects/fl-eth/migrations/bower_components 1 undefined Project: /dev/null/inferredProject2* watcher already invoked: false
[06:42:09.401] Elapsed:: 0.4302501678466797ms DirectoryWatcher:: Added:: WatchInfo: /Users/book/novusshu@gmail.com - Google Drive/My Drive/projects/fl-eth/migrations/bower_components 1 undefined Project: /dev/null/inferredProject2* watcher already invoked: false
[06:42:09.402] DirectoryWatcher:: Added:: WatchInfo: /Users/book/novusshu@gmail.com - Google Drive/My Drive/projects/fl-eth/migrations/node_modules
[06:42:09.402] DirectoryWatcher:: Added:: WatchInfo: /Users/book/novusshu@gmail.com - Google Drive/My Drive/projects/fl-eth/migrations/node_modules 1 undefined Project: /dev/null/inferredProject2* watcher already invoked: false
[06:42:09.402] Elapsed:: 0.04233360290527344ms DirectoryWatcher:: Added:: WatchInfo: /Users/book/novusshu@gmail.com - Google Drive/My Drive/projects/fl-eth/migrations/node_modules 1 undefined Project: /dev/null/inferredProject2* watcher already invoked: false
[06:42:09.402] Sending response:
    {"projectName":"/dev/null/inferredProject2*","typeAcquisition":{"enable":true,"include":[],"exclude":[]},"compilerOptions":{"module":1,"target":3,"jsx":1,"allowJs":true,"allowSyntheticDefaultImports":true,"allowNonTsExtensions":true,"noEmitForJsFiles":true,"maxNodeModuleJsDepth":2},"typings":[],"unresolvedImports":[],"kind":"action::set"}
[06:42:09.402] Response has been sent.
[06:42:09.402] No new typings were requested as a result of typings discovery
