[10:36:37.631] Global cache location '/Users/book/Library/Caches/typescript/4.5', safe file path '/users/book/.emacs.d/.cache/lsp/npm/typescript/lib/node_modules/typescript/lib/typingsafelist.json', types map path /users/book/.emacs.d/.cache/lsp/npm/typescript/lib/node_modules/typescript/lib/typesmap.json
[10:36:37.632] Processing cache location '/Users/book/Library/Caches/typescript/4.5'
[10:36:37.632] Trying to find '/Users/book/Library/Caches/typescript/4.5/package.json'...
[10:36:37.633] Finished processing cache location '/Users/book/Library/Caches/typescript/4.5'
[10:36:37.633] Process id: 28439
[10:36:37.633] NPM location: /opt/homebrew/Cellar/node/18.0.0/bin/npm (explicit '--npmLocation' not  provided)
[10:36:37.633] validateDefaultNpmLocation: false
[10:36:37.633] Npm config file: /Users/book/Library/Caches/typescript/4.5/package.json
[10:36:37.633] Updating types-registry npm package...
[10:36:37.634] Exec: /opt/homebrew/Cellar/node/18.0.0/bin/npm install --ignore-scripts types-registry@latest
[10:36:37.641]     Failed. stdout:
    stderr:
    /bin/sh: /opt/homebrew/Cellar/node/18.0.0/bin/npm: No such file or directory
    
[10:36:37.641] Updated types-registry npm package
[10:36:37.641] Types registry file '/Users/book/Library/Caches/typescript/4.5/node_modules/types-registry/index.json' does not exist
[10:36:39.146] Got install request {"projectName":"/dev/null/inferredProject1*","fileNames":["/Users/book/.emacs.d/.cache/lsp/npm/typescript/lib/node_modules/typescript/lib/lib.es5.d.ts","/Users/book/.emacs.d/.cache/lsp/npm/typescript/lib/node_modules/typescript/lib/lib.es2015.d.ts","/Users/book/.emacs.d/.cache/lsp/npm/typescript/lib/node_modules/typescript/lib/lib.es2016.d.ts","/Users/book/.emacs.d/.cache/lsp/npm/typescript/lib/node_modules/typescript/lib/lib.dom.d.ts","/Users/book/.emacs.d/.cache/lsp/npm/typescript/lib/node_modules/typescript/lib/lib.dom.iterable.d.ts","/Users/book/.emacs.d/.cache/lsp/npm/typescript/lib/node_modules/typescript/lib/lib.webworker.importscripts.d.ts","/Users/book/.emacs.d/.cache/lsp/npm/typescript/lib/node_modules/typescript/lib/lib.scripthost.d.ts","/Users/book/.emacs.d/.cache/lsp/npm/typescript/lib/node_modules/typescript/lib/lib.es2015.core.d.ts","/Users/book/.emacs.d/.cache/lsp/npm/typescript/lib/node_modules/typescript/lib/lib.es2015.collection.d.ts","/Users/book/.emacs.d/.cache/lsp/npm/typescript/lib/node_modules/typescript/lib/lib.es2015.generator.d.ts","/Users/book/.emacs.d/.cache/lsp/npm/typescript/lib/node_modules/typescript/lib/lib.es2015.iterable.d.ts","/Users/book/.emacs.d/.cache/lsp/npm/typescript/lib/node_modules/typescript/lib/lib.es2015.promise.d.ts","/Users/book/.emacs.d/.cache/lsp/npm/typescript/lib/node_modules/typescript/lib/lib.es2015.proxy.d.ts","/Users/book/.emacs.d/.cache/lsp/npm/typescript/lib/node_modules/typescript/lib/lib.es2015.reflect.d.ts","/Users/book/.emacs.d/.cache/lsp/npm/typescript/lib/node_modules/typescript/lib/lib.es2015.symbol.d.ts","/Users/book/.emacs.d/.cache/lsp/npm/typescript/lib/node_modules/typescript/lib/lib.es2015.symbol.wellknown.d.ts","/Users/book/.emacs.d/.cache/lsp/npm/typescript/lib/node_modules/typescript/lib/lib.es2016.array.include.d.ts","/Users/book/.emacs.d/.cache/lsp/npm/typescript/lib/node_modules/typescript/lib/lib.es2016.full.d.ts","/Users/book/novusshu@gmail.com - Google Drive/My Drive/projects/fl-eth/client/src/getWeb3.js","/Users/book/novusshu@gmail.com - Google Drive/My Drive/projects/fl-eth/client/src/Charts.js","/Users/book/novusshu@gmail.com - Google Drive/My Drive/projects/fl-eth/client/src/ContractField.js","/Users/book/novusshu@gmail.com - Google Drive/My Drive/projects/fl-eth/client/src/App.js"],"compilerOptions":{"module":1,"target":3,"jsx":1,"allowJs":true,"allowSyntheticDefaultImports":true,"allowNonTsExtensions":true,"noEmitForJsFiles":true,"maxNodeModuleJsDepth":2},"typeAcquisition":{"enable":true,"include":[],"exclude":[]},"unresolvedImports":[],"projectRootPath":"/Users/book/novusshu@gmail.com - Google Drive/My Drive/projects/fl-eth/client/src","kind":"discover"}
[10:36:39.154] Loaded safelist from types map file '/users/book/.emacs.d/.cache/lsp/npm/typescript/lib/node_modules/typescript/lib/typesmap.json'
[10:36:39.154] Explicitly included types: []
[10:36:39.155] Inferred typings from unresolved imports: []
[10:36:39.155] Result: {"cachedTypingPaths":[],"newTypingNames":[],"filesToWatch":["/Users/book/novusshu@gmail.com - Google Drive/My Drive/projects/fl-eth/client/src/bower_components","/Users/book/novusshu@gmail.com - Google Drive/My Drive/projects/fl-eth/client/src/node_modules"]}
[10:36:39.155] Finished typings discovery: {"cachedTypingPaths":[],"newTypingNames":[],"filesToWatch":["/Users/book/novusshu@gmail.com - Google Drive/My Drive/projects/fl-eth/client/src/bower_components","/Users/book/novusshu@gmail.com - Google Drive/My Drive/projects/fl-eth/client/src/node_modules"]}
[10:36:39.155] DirectoryWatcher:: Added:: WatchInfo: /Users/book/novusshu@gmail.com - Google Drive/My Drive/projects/fl-eth/client/src/bower_components
[10:36:39.156] DirectoryWatcher:: Added:: WatchInfo: /Users/book/novusshu@gmail.com - Google Drive/My Drive/projects/fl-eth/client/src/bower_components 1 undefined Project: /dev/null/inferredProject1* watcher already invoked: false
[10:36:39.156] Elapsed:: 0.4572920799255371ms DirectoryWatcher:: Added:: WatchInfo: /Users/book/novusshu@gmail.com - Google Drive/My Drive/projects/fl-eth/client/src/bower_components 1 undefined Project: /dev/null/inferredProject1* watcher already invoked: false
[10:36:39.156] DirectoryWatcher:: Added:: WatchInfo: /Users/book/novusshu@gmail.com - Google Drive/My Drive/projects/fl-eth/client/src/node_modules
[10:36:39.156] DirectoryWatcher:: Added:: WatchInfo: /Users/book/novusshu@gmail.com - Google Drive/My Drive/projects/fl-eth/client/src/node_modules 1 undefined Project: /dev/null/inferredProject1* watcher already invoked: false
[10:36:39.156] Elapsed:: 0.040667057037353516ms DirectoryWatcher:: Added:: WatchInfo: /Users/book/novusshu@gmail.com - Google Drive/My Drive/projects/fl-eth/client/src/node_modules 1 undefined Project: /dev/null/inferredProject1* watcher already invoked: false
[10:36:39.156] Sending response:
    {"projectName":"/dev/null/inferredProject1*","typeAcquisition":{"enable":true,"include":[],"exclude":[]},"compilerOptions":{"module":1,"target":3,"jsx":1,"allowJs":true,"allowSyntheticDefaultImports":true,"allowNonTsExtensions":true,"noEmitForJsFiles":true,"maxNodeModuleJsDepth":2},"typings":[],"unresolvedImports":[],"kind":"action::set"}
[10:36:39.157] Response has been sent.
[10:36:39.157] No new typings were requested as a result of typings discovery
[10:42:54.445] Got install request {"projectName":"/dev/null/inferredProject2*","fileNames":["/Users/book/.emacs.d/.cache/lsp/npm/typescript/lib/node_modules/typescript/lib/lib.es5.d.ts","/Users/book/.emacs.d/.cache/lsp/npm/typescript/lib/node_modules/typescript/lib/lib.es2015.d.ts","/Users/book/.emacs.d/.cache/lsp/npm/typescript/lib/node_modules/typescript/lib/lib.es2016.d.ts","/Users/book/.emacs.d/.cache/lsp/npm/typescript/lib/node_modules/typescript/lib/lib.dom.d.ts","/Users/book/.emacs.d/.cache/lsp/npm/typescript/lib/node_modules/typescript/lib/lib.dom.iterable.d.ts","/Users/book/.emacs.d/.cache/lsp/npm/typescript/lib/node_modules/typescript/lib/lib.webworker.importscripts.d.ts","/Users/book/.emacs.d/.cache/lsp/npm/typescript/lib/node_modules/typescript/lib/lib.scripthost.d.ts","/Users/book/.emacs.d/.cache/lsp/npm/typescript/lib/node_modules/typescript/lib/lib.es2015.core.d.ts","/Users/book/.emacs.d/.cache/lsp/npm/typescript/lib/node_modules/typescript/lib/lib.es2015.collection.d.ts","/Users/book/.emacs.d/.cache/lsp/npm/typescript/lib/node_modules/typescript/lib/lib.es2015.generator.d.ts","/Users/book/.emacs.d/.cache/lsp/npm/typescript/lib/node_modules/typescript/lib/lib.es2015.iterable.d.ts","/Users/book/.emacs.d/.cache/lsp/npm/typescript/lib/node_modules/typescript/lib/lib.es2015.promise.d.ts","/Users/book/.emacs.d/.cache/lsp/npm/typescript/lib/node_modules/typescript/lib/lib.es2015.proxy.d.ts","/Users/book/.emacs.d/.cache/lsp/npm/typescript/lib/node_modules/typescript/lib/lib.es2015.reflect.d.ts","/Users/book/.emacs.d/.cache/lsp/npm/typescript/lib/node_modules/typescript/lib/lib.es2015.symbol.d.ts","/Users/book/.emacs.d/.cache/lsp/npm/typescript/lib/node_modules/typescript/lib/lib.es2015.symbol.wellknown.d.ts","/Users/book/.emacs.d/.cache/lsp/npm/typescript/lib/node_modules/typescript/lib/lib.es2016.array.include.d.ts","/Users/book/.emacs.d/.cache/lsp/npm/typescript/lib/node_modules/typescript/lib/lib.es2016.full.d.ts","/Users/book/novusshu@gmail.com - Google Drive/My Drive/projects/fl-eth/client/src/serviceWorker.js"],"compilerOptions":{"module":1,"target":3,"jsx":1,"allowJs":true,"allowSyntheticDefaultImports":true,"allowNonTsExtensions":true,"noEmitForJsFiles":true,"maxNodeModuleJsDepth":2},"typeAcquisition":{"enable":true,"include":[],"exclude":[]},"unresolvedImports":[],"projectRootPath":"/Users/book/novusshu@gmail.com - Google Drive/My Drive/projects/fl-eth/client/src","kind":"discover"}
[10:42:54.448] Explicitly included types: []
[10:42:54.449] Inferred typings from unresolved imports: []
[10:42:54.449] Result: {"cachedTypingPaths":[],"newTypingNames":[],"filesToWatch":["/Users/book/novusshu@gmail.com - Google Drive/My Drive/projects/fl-eth/client/src/bower_components","/Users/book/novusshu@gmail.com - Google Drive/My Drive/projects/fl-eth/client/src/node_modules"]}
[10:42:54.449] Finished typings discovery: {"cachedTypingPaths":[],"newTypingNames":[],"filesToWatch":["/Users/book/novusshu@gmail.com - Google Drive/My Drive/projects/fl-eth/client/src/bower_components","/Users/book/novusshu@gmail.com - Google Drive/My Drive/projects/fl-eth/client/src/node_modules"]}
[10:42:54.449] DirectoryWatcher:: Added:: WatchInfo: /Users/book/novusshu@gmail.com - Google Drive/My Drive/projects/fl-eth/client/src/bower_components
[10:42:54.449] DirectoryWatcher:: Added:: WatchInfo: /Users/book/novusshu@gmail.com - Google Drive/My Drive/projects/fl-eth/client/src/bower_components 1 undefined Project: /dev/null/inferredProject2* watcher already invoked: false
[10:42:54.449] Elapsed:: 0.09975004196166992ms DirectoryWatcher:: Added:: WatchInfo: /Users/book/novusshu@gmail.com - Google Drive/My Drive/projects/fl-eth/client/src/bower_components 1 undefined Project: /dev/null/inferredProject2* watcher already invoked: false
[10:42:54.449] DirectoryWatcher:: Added:: WatchInfo: /Users/book/novusshu@gmail.com - Google Drive/My Drive/projects/fl-eth/client/src/node_modules
[10:42:54.449] DirectoryWatcher:: Added:: WatchInfo: /Users/book/novusshu@gmail.com - Google Drive/My Drive/projects/fl-eth/client/src/node_modules 1 undefined Project: /dev/null/inferredProject2* watcher already invoked: false
[10:42:54.450] Elapsed:: 0.020041942596435547ms DirectoryWatcher:: Added:: WatchInfo: /Users/book/novusshu@gmail.com - Google Drive/My Drive/projects/fl-eth/client/src/node_modules 1 undefined Project: /dev/null/inferredProject2* watcher already invoked: false
[10:42:54.450] Sending response:
    {"projectName":"/dev/null/inferredProject2*","typeAcquisition":{"enable":true,"include":[],"exclude":[]},"compilerOptions":{"module":1,"target":3,"jsx":1,"allowJs":true,"allowSyntheticDefaultImports":true,"allowNonTsExtensions":true,"noEmitForJsFiles":true,"maxNodeModuleJsDepth":2},"typings":[],"unresolvedImports":[],"kind":"action::set"}
[10:42:54.450] Response has been sent.
[10:42:54.450] No new typings were requested as a result of typings discovery
[10:47:36.887] Got install request {"projectName":"/dev/null/inferredProject2*","fileNames":["/Users/book/.emacs.d/.cache/lsp/npm/typescript/lib/node_modules/typescript/lib/lib.es5.d.ts","/Users/book/.emacs.d/.cache/lsp/npm/typescript/lib/node_modules/typescript/lib/lib.es2015.d.ts","/Users/book/.emacs.d/.cache/lsp/npm/typescript/lib/node_modules/typescript/lib/lib.es2016.d.ts","/Users/book/.emacs.d/.cache/lsp/npm/typescript/lib/node_modules/typescript/lib/lib.dom.d.ts","/Users/book/.emacs.d/.cache/lsp/npm/typescript/lib/node_modules/typescript/lib/lib.dom.iterable.d.ts","/Users/book/.emacs.d/.cache/lsp/npm/typescript/lib/node_modules/typescript/lib/lib.webworker.importscripts.d.ts","/Users/book/.emacs.d/.cache/lsp/npm/typescript/lib/node_modules/typescript/lib/lib.scripthost.d.ts","/Users/book/.emacs.d/.cache/lsp/npm/typescript/lib/node_modules/typescript/lib/lib.es2015.core.d.ts","/Users/book/.emacs.d/.cache/lsp/npm/typescript/lib/node_modules/typescript/lib/lib.es2015.collection.d.ts","/Users/book/.emacs.d/.cache/lsp/npm/typescript/lib/node_modules/typescript/lib/lib.es2015.generator.d.ts","/Users/book/.emacs.d/.cache/lsp/npm/typescript/lib/node_modules/typescript/lib/lib.es2015.iterable.d.ts","/Users/book/.emacs.d/.cache/lsp/npm/typescript/lib/node_modules/typescript/lib/lib.es2015.promise.d.ts","/Users/book/.emacs.d/.cache/lsp/npm/typescript/lib/node_modules/typescript/lib/lib.es2015.proxy.d.ts","/Users/book/.emacs.d/.cache/lsp/npm/typescript/lib/node_modules/typescript/lib/lib.es2015.reflect.d.ts","/Users/book/.emacs.d/.cache/lsp/npm/typescript/lib/node_modules/typescript/lib/lib.es2015.symbol.d.ts","/Users/book/.emacs.d/.cache/lsp/npm/typescript/lib/node_modules/typescript/lib/lib.es2015.symbol.wellknown.d.ts","/Users/book/.emacs.d/.cache/lsp/npm/typescript/lib/node_modules/typescript/lib/lib.es2016.array.include.d.ts","/Users/book/.emacs.d/.cache/lsp/npm/typescript/lib/node_modules/typescript/lib/lib.es2016.full.d.ts","/Users/book/novusshu@gmail.com - Google Drive/My Drive/projects/fl-eth/client/src/getWeb3.js","/Users/book/novusshu@gmail.com - Google Drive/My Drive/projects/fl-eth/client/src/Charts.js","/Users/book/novusshu@gmail.com - Google Drive/My Drive/projects/fl-eth/client/src/ContractField.js","/Users/book/novusshu@gmail.com - Google Drive/My Drive/projects/fl-eth/client/src/App.js","/Users/book/novusshu@gmail.com - Google Drive/My Drive/projects/fl-eth/client/src/serviceWorker.js","/Users/book/novusshu@gmail.com - Google Drive/My Drive/projects/fl-eth/client/src/index.js"],"compilerOptions":{"module":1,"target":3,"jsx":1,"allowJs":true,"allowSyntheticDefaultImports":true,"allowNonTsExtensions":true,"noEmitForJsFiles":true,"maxNodeModuleJsDepth":2},"typeAcquisition":{"enable":true,"include":[],"exclude":[]},"unresolvedImports":["object-assign","react-dom"],"projectRootPath":"/Users/book/novusshu@gmail.com - Google Drive/My Drive/projects/fl-eth/client/src","kind":"discover"}
[10:47:36.888] Explicitly included types: []
[10:47:36.890] Inferred typings from unresolved imports: ["object-assign","react-dom"]
[10:47:36.891] Result: {"cachedTypingPaths":[],"newTypingNames":["object-assign","react-dom"],"filesToWatch":["/Users/book/novusshu@gmail.com - Google Drive/My Drive/projects/fl-eth/client/src/bower_components","/Users/book/novusshu@gmail.com - Google Drive/My Drive/projects/fl-eth/client/src/node_modules"]}
[10:47:36.891] Finished typings discovery: {"cachedTypingPaths":[],"newTypingNames":["object-assign","react-dom"],"filesToWatch":["/Users/book/novusshu@gmail.com - Google Drive/My Drive/projects/fl-eth/client/src/bower_components","/Users/book/novusshu@gmail.com - Google Drive/My Drive/projects/fl-eth/client/src/node_modules"]}
[10:47:36.892] Installing typings ["object-assign","react-dom"]
[10:47:36.893] 'object-assign':: Entry for package 'object-assign' does not exist in local types registry - skipping...
[10:47:36.893] 'react-dom':: Entry for package 'react-dom' does not exist in local types registry - skipping...
[10:47:36.893] All typings are known to be missing or invalid - no need to install more typings
[10:47:36.893] Sending response:
    {"projectName":"/dev/null/inferredProject2*","typeAcquisition":{"enable":true,"include":[],"exclude":[]},"compilerOptions":{"module":1,"target":3,"jsx":1,"allowJs":true,"allowSyntheticDefaultImports":true,"allowNonTsExtensions":true,"noEmitForJsFiles":true,"maxNodeModuleJsDepth":2},"typings":[],"unresolvedImports":["object-assign","react-dom"],"kind":"action::set"}
[10:47:36.893] Response has been sent.
[10:47:56.068] Got install request {"projectName":"/dev/null/inferredProject2*","fileNames":["/Users/book/.emacs.d/.cache/lsp/npm/typescript/lib/node_modules/typescript/lib/lib.es5.d.ts","/Users/book/.emacs.d/.cache/lsp/npm/typescript/lib/node_modules/typescript/lib/lib.es2015.d.ts","/Users/book/.emacs.d/.cache/lsp/npm/typescript/lib/node_modules/typescript/lib/lib.es2016.d.ts","/Users/book/.emacs.d/.cache/lsp/npm/typescript/lib/node_modules/typescript/lib/lib.dom.d.ts","/Users/book/.emacs.d/.cache/lsp/npm/typescript/lib/node_modules/typescript/lib/lib.dom.iterable.d.ts","/Users/book/.emacs.d/.cache/lsp/npm/typescript/lib/node_modules/typescript/lib/lib.webworker.importscripts.d.ts","/Users/book/.emacs.d/.cache/lsp/npm/typescript/lib/node_modules/typescript/lib/lib.scripthost.d.ts","/Users/book/.emacs.d/.cache/lsp/npm/typescript/lib/node_modules/typescript/lib/lib.es2015.core.d.ts","/Users/book/.emacs.d/.cache/lsp/npm/typescript/lib/node_modules/typescript/lib/lib.es2015.collection.d.ts","/Users/book/.emacs.d/.cache/lsp/npm/typescript/lib/node_modules/typescript/lib/lib.es2015.generator.d.ts","/Users/book/.emacs.d/.cache/lsp/npm/typescript/lib/node_modules/typescript/lib/lib.es2015.iterable.d.ts","/Users/book/.emacs.d/.cache/lsp/npm/typescript/lib/node_modules/typescript/lib/lib.es2015.promise.d.ts","/Users/book/.emacs.d/.cache/lsp/npm/typescript/lib/node_modules/typescript/lib/lib.es2015.proxy.d.ts","/Users/book/.emacs.d/.cache/lsp/npm/typescript/lib/node_modules/typescript/lib/lib.es2015.reflect.d.ts","/Users/book/.emacs.d/.cache/lsp/npm/typescript/lib/node_modules/typescript/lib/lib.es2015.symbol.d.ts","/Users/book/.emacs.d/.cache/lsp/npm/typescript/lib/node_modules/typescript/lib/lib.es2015.symbol.wellknown.d.ts","/Users/book/.emacs.d/.cache/lsp/npm/typescript/lib/node_modules/typescript/lib/lib.es2016.array.include.d.ts","/Users/book/.emacs.d/.cache/lsp/npm/typescript/lib/node_modules/typescript/lib/lib.es2016.full.d.ts","/Users/book/novusshu@gmail.com - Google Drive/My Drive/projects/fl-eth/client/src/getWeb3.js","/Users/book/novusshu@gmail.com - Google Drive/My Drive/projects/fl-eth/client/src/Charts.js","/Users/book/novusshu@gmail.com - Google Drive/My Drive/projects/fl-eth/client/src/ContractField.js","/Users/book/novusshu@gmail.com - Google Drive/My Drive/projects/fl-eth/client/src/App.js"],"compilerOptions":{"module":1,"target":3,"jsx":1,"allowJs":true,"allowSyntheticDefaultImports":true,"allowNonTsExtensions":true,"noEmitForJsFiles":true,"maxNodeModuleJsDepth":2},"typeAcquisition":{"enable":true,"include":[],"exclude":[]},"unresolvedImports":[],"projectRootPath":"/Users/book/novusshu@gmail.com - Google Drive/My Drive/projects/fl-eth/client/src","kind":"discover"}
[10:47:56.070] Explicitly included types: []
[10:47:56.070] Inferred typings from unresolved imports: []
[10:47:56.070] Result: {"cachedTypingPaths":[],"newTypingNames":[],"filesToWatch":["/Users/book/novusshu@gmail.com - Google Drive/My Drive/projects/fl-eth/client/src/bower_components","/Users/book/novusshu@gmail.com - Google Drive/My Drive/projects/fl-eth/client/src/node_modules"]}
[10:47:56.070] Finished typings discovery: {"cachedTypingPaths":[],"newTypingNames":[],"filesToWatch":["/Users/book/novusshu@gmail.com - Google Drive/My Drive/projects/fl-eth/client/src/bower_components","/Users/book/novusshu@gmail.com - Google Drive/My Drive/projects/fl-eth/client/src/node_modules"]}
[10:47:56.070] Sending response:
    {"projectName":"/dev/null/inferredProject2*","typeAcquisition":{"enable":true,"include":[],"exclude":[]},"compilerOptions":{"module":1,"target":3,"jsx":1,"allowJs":true,"allowSyntheticDefaultImports":true,"allowNonTsExtensions":true,"noEmitForJsFiles":true,"maxNodeModuleJsDepth":2},"typings":[],"unresolvedImports":[],"kind":"action::set"}
[10:47:56.070] Response has been sent.
[10:47:56.070] No new typings were requested as a result of typings discovery
